0 info it worked if it ends with ok
1 verbose cli [ 'E:\\nodejs\\node.exe',
1 verbose cli   'E:\\nodejs\\node_modules\\npm\\bin\\npm-cli.js',
1 verbose cli   'start' ]
2 info using npm@3.3.12
3 info using node@v5.3.0
4 verbose run-script [ 'prestart', 'start', 'poststart' ]
5 info lifecycle first-angular-project@1.0.0~prestart: first-angular-project@1.0.0
6 silly lifecycle first-angular-project@1.0.0~prestart: no script for prestart, continuing
7 info lifecycle first-angular-project@1.0.0~start: first-angular-project@1.0.0
8 verbose lifecycle first-angular-project@1.0.0~start: unsafe-perm in lifecycle true
9 verbose lifecycle first-angular-project@1.0.0~start: PATH: E:\nodejs\node_modules\npm\bin\node-gyp-bin;E:\PRJS\first-angular-project\node_modules\.bin;C:\ProgramData\Oracle\Java\javapath;C:\Windows\system32;C:\Windows;C:\Windows\System32\Wbem;C:\Windows\System32\WindowsPowerShell\v1.0\;C:\Program Files (x86)\ATI Technologies\ATI.ACE\Core-Static;C:\Program Files (x86)\NVIDIA Corporation\PhysX\Common;E:\nodejs\;C:\Program Files (x86)\Skype\Phone\;C:\Program Files\Git\cmd;C:\Users\sheod_000\AppData\Roaming\npm;C:\Program Files (x86)\Microsoft VS Code\bin
10 verbose lifecycle first-angular-project@1.0.0~start: CWD: E:\PRJS\first-angular-project
11 silly lifecycle first-angular-project@1.0.0~start: Args: [ '/d /s /c', 'node server\node my_web_server.js' ]
12 silly lifecycle first-angular-project@1.0.0~start: Returned: code: 1  signal: null
13 info lifecycle first-angular-project@1.0.0~start: Failed to exec start script
14 verbose stack Error: first-angular-project@1.0.0 start: `node server
14 verbose stack ode my_web_server.js`
14 verbose stack Exit status 1
14 verbose stack     at EventEmitter.<anonymous> (E:\nodejs\node_modules\npm\lib\utils\lifecycle.js:232:16)
14 verbose stack     at emitTwo (events.js:87:13)
14 verbose stack     at EventEmitter.emit (events.js:172:7)
14 verbose stack     at ChildProcess.<anonymous> (E:\nodejs\node_modules\npm\lib\utils\spawn.js:24:14)
14 verbose stack     at emitTwo (events.js:87:13)
14 verbose stack     at ChildProcess.emit (events.js:172:7)
14 verbose stack     at maybeClose (internal/child_process.js:818:16)
14 verbose stack     at Process.ChildProcess._handle.onexit (internal/child_process.js:211:5)
15 verbose pkgid first-angular-project@1.0.0
16 verbose cwd E:\PRJS\first-angular-project\app
17 error Windows_NT 6.3.9600
18 error argv "E:\\nodejs\\node.exe" "E:\\nodejs\\node_modules\\npm\\bin\\npm-cli.js" "start"
19 error node v5.3.0
20 error npm  v3.3.12
21 error code ELIFECYCLE
22 error first-angular-project@1.0.0 start: `node server
22 error ode my_web_server.js`
22 error Exit status 1
23 error Failed at the first-angular-project@1.0.0 start script 'node server
23 error ode my_web_server.js'.
23 error Make sure you have the latest version of node.js and npm installed.
23 error If you do, this is most likely a problem with the first-angular-project package,
23 error not with npm itself.
23 error Tell the author that this fails on your system:
23 error     node server
23 error ode my_web_server.js
23 error You can get their info via:
23 error     npm owner ls first-angular-project
23 error There is likely additional logging output above.
24 verbose exit [ 1, true ]
